
> @lawdesk/frontend@1.0.0 build /Users/qingzhang/Desktop/AI-Native-Lawyer-OS/apps/frontend
> next build

  ▲ Next.js 14.2.5
  - Environments: .env.local

   Creating an optimized production build ...
 ✓ Compiled successfully
   Linting and checking validity of types ...
   Collecting page data ...
   Generating static pages (0/12) ...
   Generating static pages (3/12) 
   Generating static pages (6/12) 
   Generating static pages (9/12) 
 ✓ Generating static pages (12/12)
   Finalizing page optimization ...
   Collecting build traces ...

Route (app)                              Size     First Load JS
┌ ○ /                                    141 B          87.2 kB
├ ○ /_not-found                          874 B            88 kB
├ ƒ /api/uploads                         0 B                0 B
├ ○ /dev/ai-health                       2 kB           89.1 kB
├ ○ /dev/ai-playground                   1.61 kB        88.7 kB
├ ○ /intake                              2.65 kB        89.7 kB
├ ○ /intake/analyzing                    1.56 kB        88.7 kB
├ ○ /intake/creating                     975 B          88.1 kB
├ ○ /intake/report                       2.6 kB         89.7 kB
├ ○ /matters                             3.11 kB        90.2 kB
├ ƒ /matters/[matter_id]                 2.05 kB        89.1 kB
├ ƒ /matters/[matter_id]/arguments       4.21 kB        91.3 kB
├ ƒ /matters/[matter_id]/documents       4.11 kB        91.2 kB
├ ƒ /matters/[matter_id]/evidence        7.52 kB        94.6 kB
├ ƒ /matters/[matter_id]/execution       3.39 kB        90.5 kB
├ ƒ /matters/[matter_id]/facts           4.02 kB        91.1 kB
├ ƒ /matters/[matter_id]/issues          4.11 kB        91.2 kB
├ ƒ /matters/[matter_id]/laws            4.08 kB        91.2 kB
├ ƒ /matters/[matter_id]/research        9.51 kB        96.6 kB
└ ƒ /matters/[matter_id]/runtime         3.85 kB        90.9 kB
+ First Load JS shared by all            87.1 kB
  ├ chunks/753-ba12648efa050a9d.js       31.5 kB
  ├ chunks/abf17911-144c52c924fd678b.js  53.7 kB
  └ other shared chunks (total)          1.92 kB


○  (Static)   prerendered as static content
ƒ  (Dynamic)  server-rendered on demand

